<?xml version="1.0" encoding="UTF-8"?>
<testng-results skipped="0" failed="0" ignored="0" total="1" passed="1">
  <reporter-output>
  </reporter-output>
  <suite name="Default suite" duration-ms="28068" started-at="2018-07-05T18:57:56Z" finished-at="2018-07-05T18:58:24Z">
    <groups>
    </groups>
    <test name="Default test" duration-ms="28068" started-at="2018-07-05T18:57:56Z" finished-at="2018-07-05T18:58:24Z">
      <class name="com.card.Deck.Disney">
        <test-method status="PASS" signature="DisneyWorldClass()[pri:0, instance:com.card.Deck.Disney@aecb35a]" name="DisneyWorldClass" duration-ms="27933" started-at="2018-07-05T14:57:56Z" finished-at="2018-07-05T14:58:24Z">
          <reporter-output>
          </reporter-output>
        </test-method> <!-- DisneyWorldClass -->
      </class> <!-- com.card.Deck.Disney -->
    </test> <!-- Default test -->
  </suite> <!-- Default suite -->
</testng-results>
