<?xml version="1.0" encoding="UTF-8"?>
<testng-results skipped="0" failed="0" ignored="0" total="1" passed="1">
  <reporter-output>
  </reporter-output>
  <suite name="Default suite" duration-ms="14723" started-at="2018-02-23T01:32:29Z" finished-at="2018-02-23T01:32:43Z">
    <groups>
    </groups>
    <test name="Default test" duration-ms="14723" started-at="2018-02-23T01:32:29Z" finished-at="2018-02-23T01:32:43Z">
      <class name="testNGclass.ScreanshortTest">
        <test-method status="PASS" signature="captureScreenshort()[pri:0, instance:testNGclass.ScreanshortTest@2638011]" name="captureScreenshort" duration-ms="14692" started-at="2018-02-22T20:32:29Z" finished-at="2018-02-22T20:32:43Z">
          <reporter-output>
          </reporter-output>
        </test-method> <!-- captureScreenshort -->
      </class> <!-- testNGclass.ScreanshortTest -->
    </test> <!-- Default test -->
  </suite> <!-- Default suite -->
</testng-results>
